\BOOKMARK [0][-]{chapter.1}{\376\377\000I\000n\000t\000r\000o\000d\000u\000c\000t\000i\000o\000n}{}% 1
\BOOKMARK [0][-]{chapter.2}{\376\377\000V\000o\000l\000v\000o\000\040\000C\000A\000N\000B\000U\000S\000\040\000a\000n\000d\000\040\000M\000o\000d\000u\000l\000e\000s}{}% 2
\BOOKMARK [1][-]{section.2.1}{\376\377\000V\000o\000l\000v\000o\000\040\000C\000a\000n\000b\000u\000s\000\040\000O\000B\000D\0002}{chapter.2}% 3
\BOOKMARK [1][-]{section.2.2}{\376\377\000N\000e\000t\000w\000o\000r\000k\000s}{chapter.2}% 4
\BOOKMARK [1][-]{section.2.3}{\376\377\000V\000o\000l\000v\000o\000\040\000V\0005\0000\000\040\000m\000o\000d\000u\000l\000e\000s\000\040\000o\000v\000e\000r\000v\000i\000e\000w}{chapter.2}% 5
\BOOKMARK [1][-]{section.2.4}{\376\377\000M\000o\000d\000u\000l\000e\000s\000:}{chapter.2}% 6
\BOOKMARK [1][-]{section.2.5}{\376\377\000o\000v\000e\000r\000v\000i\000e\000w\000\040\000m\000o\000d\000u\000l\000e\000s}{chapter.2}% 7
\BOOKMARK [1][-]{section.2.6}{\376\377\000M\000o\000d\000u\000l\000e\000s\000\040\000f\000o\000r\000\040\000p\000r\000o\000f\000i\000l\000e}{chapter.2}% 8
\BOOKMARK [2][-]{subsection.2.6.1}{\376\377\000e\000x\000e\000c\000u\000t\000i\000n\000g\000\040\000s\000t\000o\000r\000e\000d\000\040\000p\000r\000o\000c\000e\000d\000u\000r\000e}{section.2.6}% 9
\BOOKMARK [2][-]{subsection.2.6.2}{\376\377\000t\000a\000b\000l\000e\000\040\000w\000i\000t\000h\000\040\000o\000v\000e\000r\000v\000i\000e\000w}{section.2.6}% 10
\BOOKMARK [1][-]{section.2.7}{\376\377\000f\000u\000r\000t\000h\000e\000r\000\040\000i\000n\000f\000o\000\040\000o\000n\000\040\000c\000a\000n\000b\000u\000s\000:}{chapter.2}% 11
\BOOKMARK [1][-]{section.2.8}{\376\377\000V\000o\000l\000v\000o\000\040\000u\000s\000e\000s\000\040\000e\000x\000t\000e\000n\000d\000e\000d\000\040\000i\000d\000e\000n\000t\000i\000f\000i\000e\000r\000s\000:}{chapter.2}% 12
\BOOKMARK [0][-]{chapter.3}{\376\377\000V\000o\000l\000v\000o\000\040\000D\000i\000a\000g\000n\000o\000s\000t\000i\000c\000\040\000S\000o\000f\000t\000w\000a\000r\000e}{}% 13
\BOOKMARK [1][-]{section.3.1}{\376\377\000V\000o\000l\000v\000o\000\040\000V\000I\000D\000A}{chapter.3}% 14
\BOOKMARK [2][-]{subsection.3.1.1}{\376\377\000K\000e\000y\000\040\000F\000e\000a\000t\000u\000r\000e\000s}{section.3.1}% 15
\BOOKMARK [2][-]{subsection.3.1.2}{\376\377\000d\000a\000t\000a\000b\000a\000s\000e\000s}{section.3.1}% 16
\BOOKMARK [2][-]{subsection.3.1.3}{\376\377\000S\000Q\000L\000\040\000d\000a\000t\000a\000b\000a\000s\000e\000\040\000V\000I\000D\000A}{section.3.1}% 17
\BOOKMARK [2][-]{subsection.3.1.4}{\376\377\000h\000o\000w\000t\000o\000\040\000p\000e\000e\000k\000\040\000i\000n\000t\000o\000\040\000t\000h\000e\000\040\000V\000I\000D\000A\000\040\000d\000a\000t\000a\000b\000a\000s\000e\000:}{section.3.1}% 18
\BOOKMARK [2][-]{subsection.3.1.5}{\376\377\000s\000t\000o\000r\000e\000d\000\040\000p\000r\000o\000c\000e\000d\000u\000r\000e\000s\000:}{section.3.1}% 19
\BOOKMARK [2][-]{subsection.3.1.6}{\376\377\000e\000x\000a\000m\000p\000l\000e\000:}{section.3.1}% 20
\BOOKMARK [1][-]{section.3.2}{\376\377\000G\000G\000D\000-\000D\000H\000A\000\040\000\050\000\040\000G\000e\000n\000e\000r\000i\000c\000\040\000G\000l\000o\000b\000a\000l\000\040\000D\000i\000a\000g\000n\000o\000s\000t\000i\000c\000\040\000-\000\040\000D\000i\000a\000g\000n\000o\000s\000t\000i\000c\000\040\000H\000o\000s\000t\000\040\000A\000p\000p\000l\000i\000c\000a\000t\000i\000o\000n\000\040\000\051\000\040\000.}{chapter.3}% 21
\BOOKMARK [1][-]{section.3.3}{\376\377\000G\000G\000D\000-\000D\000H\000A\000\040\000\050\000\040\000H\000a\000c\000k\000i\000n\000g\000\040\000-\000\040\000o\000r\000\040\000m\000o\000d\000i\000f\000y\000i\000n\000g\000\040\000t\000h\000e\000\040\000d\000a\000t\000a\000b\000a\000s\000e\000\040\000\051\000.}{chapter.3}% 22
\BOOKMARK [2][-]{subsection.3.3.1}{\376\377\000c\000o\000n\000c\000l\000u\000s\000i\000o\000n\000\040\000:}{section.3.3}% 23
\BOOKMARK [0][-]{chapter.4}{\376\377\000A\000n\000a\000l\000y\000s\000i\000s\000\040\000o\000f\000\040\000t\000h\000e\000\040\000M\000S\000Q\000L\000\040\000V\000I\000D\000A\000\040\000d\000a\000t\000a\000b\000a\000s\000e}{}% 24
\BOOKMARK [1][-]{section.4.1}{\376\377\000V\000i\000d\000a\000\040\000d\000a\000t\000a\000b\000a\000s\000e\000\040\000a\000n\000a\000l\000y\000s\000i\000s}{chapter.4}% 25
\BOOKMARK [1][-]{section.4.2}{\376\377\000V\000i\000d\000a\000\040\000d\000a\000t\000a\000b\000a\000s\000e\000\040\000a\000n\000a\000l\000y\000s\000i\000s\000\040\000\050\000b\000l\000o\000c\000k\000\040\000c\000h\000i\000l\000d\000\051}{chapter.4}% 26
\BOOKMARK [2][-]{subsection.4.2.1}{\376\377\000e\000x\000a\000m\000p\000l\000e\000:\000\040\000T\0001\0004\0001\000\040\000A\000m\000b\000i\000e\000n\000t\000\040\000t\000e\000m\000p\000e\000r\000a\000t\000u\000r\000e}{section.4.2}% 27
\BOOKMARK [2][-]{subsection.4.2.2}{\376\377\000e\000x\000a\000m\000p\000l\000e\000:\000\040\000T\0001\0004\0001\000\040\000A\000c\000c\000e\000l\000e\000r\000a\000t\000o\000r\000\040\000p\000e\000d\000a\000l}{section.4.2}% 28
\BOOKMARK [1][-]{section.4.3}{\376\377\000C\000a\000r\000c\000o\000m\000m\000u\000n\000i\000c\000a\000t\000i\000o\000n\000\040\000a\000n\000d\000\040\000s\000c\000r\000i\000p\000t\000s}{chapter.4}% 29
\BOOKMARK [2][-]{subsection.4.3.1}{\376\377\000i\000n\000\040\000t\000h\000e\000\040\000X\000M\000L\000\040\000f\000i\000l\000e\000\040\000:}{section.4.3}% 30
\BOOKMARK [2][-]{subsection.4.3.2}{\376\377\000S\000c\000r\000i\000p\000t\000T\000y\000p\000e}{section.4.3}% 31
\BOOKMARK [1][-]{section.4.4}{\376\377\000F\000r\000e\000e\000z\000e\000\040\000F\000r\000a\000m\000e\000\040\000P\000a\000r\000a\000m\000\040\000\050\000d\000i\000a\000g\000n\000o\000s\000t\000i\000c\000\040\000s\000e\000s\000s\000i\000o\000n\000\051}{chapter.4}% 32
\BOOKMARK [0][-]{chapter.5}{\376\377\000d\000e\000c\000o\000d\000i\000n\000g\000\040\000e\000x\000p\000l\000a\000i\000n\000e\000d\000:}{}% 33
\BOOKMARK [1][-]{section.5.1}{\376\377\000v\000o\000l\000v\000o\000\040\000m\000o\000d\000e\000l\000\040\000l\000o\000g\000i\000c}{chapter.5}% 34
\BOOKMARK [1][-]{section.5.2}{\376\377\000s\000n\000i\000f\000f\000i\000n\000g\000\040\000i\000n\000\040\000X\000M\000L\000\040\000f\000i\000l\000e\000s}{chapter.5}% 35
\BOOKMARK [1][-]{section.5.3}{\376\377\000d\000i\000a\000g\000n\000o\000s\000t\000i\000c\000\040\000e\000x\000t\000r\000a\000c\000t\000\040\000C\000E\000M\000\040\000e\000x\000a\000m\000p\000l\000e}{chapter.5}% 36
\BOOKMARK [1][-]{section.5.4}{\376\377\000r\000e\000a\000d\000i\000n\000g\000\040\000a\000c\000c\000e\000l\000e\000r\000a\000t\000o\000r\000\040\000p\000e\000d\000a\000l\000\040\000p\000o\000s\000i\000t\000i\000o\000n\000\040\000v\000i\000a\000\040\000C\000A\000N}{chapter.5}% 37
\BOOKMARK [1][-]{section.5.5}{\376\377\000B\000r\000a\000k\000e\000\040\000l\000i\000g\000h\000t\000\040\000s\000w\000i\000t\000c\000h}{chapter.5}% 38
\BOOKMARK [1][-]{section.5.6}{\376\377\000T\000u\000r\000n\000\040\000i\000n\000d\000i\000c\000a\000t\000o\000r}{chapter.5}% 39
\BOOKMARK [1][-]{section.5.7}{\376\377\000H\000i\000d\000d\000e\000n\000\040\000f\000e\000a\000t\000u\000r\000e\000s}{chapter.5}% 40
\BOOKMARK [1][-]{section.5.8}{\376\377\000C\000A\000N\000\040\000d\000i\000a\000g\000n\000o\000s\000t\000i\000c\000\040\000m\000e\000s\000s\000a\000g\000e\000s\000\040\000H\000O\000W\000T\000O}{chapter.5}% 41
\BOOKMARK [0][-]{chapter.6}{\376\377\000R\000e\000a\000d\000i\000n\000g\000\040\000t\000h\000e\000\040\000V\000I\000N\000\040\000\050\000V\000e\000h\000i\000c\000l\000e\000\040\000I\000d\000e\000n\000t\000i\000f\000i\000c\000a\000t\000i\000o\000n\000\040\000N\000u\000m\000b\000e\000r\000\051}{}% 42
\BOOKMARK [1][-]{section.6.1}{\376\377\000s\000n\000i\000f\000f\000i\000n\000g\000\040\000v\000i\000d\000a\000\040\000d\000i\000c\000e}{chapter.6}% 43
\BOOKMARK [1][-]{section.6.2}{\376\377\000F\000e\000t\000c\000h\000e\000d\000\040\000s\000c\000r\000i\000p\000t}{chapter.6}% 44
\BOOKMARK [1][-]{section.6.3}{\376\377\000x\000m\000l\000\040\000c\000o\000n\000t\000e\000n\000t}{chapter.6}% 45
\BOOKMARK [1][-]{section.6.4}{\376\377\000S\000t\000o\000r\000e\000d\000\040\000p\000r\000o\000c\000e\000d\000u\000r\000e\000\040\000:\000\040\000g\000e\000n\000e\000r\000a\000l\000\137\000G\000e\000t\000E\000c\000u\000I\000d}{chapter.6}% 46
\BOOKMARK [0][-]{chapter.7}{\376\377\000V\000o\000l\000v\000o\000\040\000D\000i\000a\000g\000n\000o\000s\000t\000i\000c\000\040\000m\000e\000s\000s\000a\000g\000e\000s}{}% 47
\BOOKMARK [1][-]{section.7.1}{\376\377\000S\000n\000i\000f\000f\000i\000n\000g\000\040\000t\000h\000e\000\040\000V\000I\000D\000A\000\040\000d\000i\000a\000g\000n\000o\000s\000t\000i\000c\000\040\000m\000e\000s\000s\000a\000g\000e\000s\000:}{chapter.7}% 48
\BOOKMARK [1][-]{section.7.2}{\376\377\000a\000p\000p\000l\000i\000e\000d\000\040\000t\000o\000\040\000a\000\040\000r\000e\000a\000l\000\040\000m\000e\000s\000s\000a\000g\000e\000:}{chapter.7}% 49
\BOOKMARK [1][-]{section.7.3}{\376\377\000G\000u\000e\000s\000s\000i\000n\000g\000\040\000t\000h\000e\000\040\000r\000e\000p\000l\000y}{chapter.7}% 50
\BOOKMARK [1][-]{section.7.4}{\376\377\000T\000o\000p\000\040\000t\000i\000p\000\040\000:\000\040\000f\000i\000n\000d\000i\000n\000g\000\040\000a\000\040\000s\000c\000r\000i\000p\000t}{chapter.7}% 51
\BOOKMARK [1][-]{section.7.5}{\376\377\000S\000c\000r\000i\000p\000t\000\040\0000\0009\0000\0000\000c\0008\000a\000f\0008\0001\000d\0004\0009\000c\0003\0000\000\040\000\050\000E\000c\000u\000I\000d\000e\000n\000t\000i\000f\000i\000c\000a\000t\000i\000o\000n\000\051}{chapter.7}% 52
\BOOKMARK [1][-]{section.7.6}{\376\377\000U\000s\000i\000n\000g\000\040\000V\000I\000D\000A\000\040\000l\000o\000g\000s}{chapter.7}% 53
\BOOKMARK [1][-]{section.7.7}{\376\377\000U\000s\000i\000n\000g\000\040\000S\000Q\000L\000\040\000M\000D\000F\000\040\000v\000i\000e\000w\000e\000r}{chapter.7}% 54
\BOOKMARK [0][-]{chapter.8}{\376\377\000M\000a\000k\000i\000n\000g\000\040\000s\000e\000n\000s\000e}{}% 55
\BOOKMARK [1][-]{section.8.1}{\376\377\000R\000e\000a\000d\000i\000n\000g\000\040\000a\000\040\000p\000a\000r\000t\000n\000u\000m\000b\000e\000r}{chapter.8}% 56
\BOOKMARK [2][-]{subsection.8.1.1}{\376\377\000R\000e\000a\000d\000i\000n\000g\000\040\000p\000a\000r\000t\000\040\000n\000u\000m\000b\000e\000r\000\040\000f\000r\000o\000m\000\040\000E\000C\000U\000\040\0000\000x\0005\0000}{section.8.1}% 57
\BOOKMARK [2][-]{subsection.8.1.2}{\376\377\000q\000u\000i\000c\000k\000\040\000a\000n\000a\000l\000y\000s\000i\000s}{section.8.1}% 58
\BOOKMARK [2][-]{subsection.8.1.3}{\376\377\000E\000C\000U\000\040\000I\000d\000e\000n\000t\000i\000f\000i\000c\000a\000t\000i\000o\000n}{section.8.1}% 59
\BOOKMARK [2][-]{subsection.8.1.4}{\376\377\000D\000o\000w\000n\000l\000o\000a\000d\000a\000b\000l\000e\000\040\000S\000o\000f\000t\000w\000a\000r\000e\000\040\000P\000a\000r\000t\000\040\000N\000u\000m\000b\000e\000r}{section.8.1}% 60
\BOOKMARK [2][-]{subsection.8.1.5}{\376\377\000h\000e\000x\0002\000h\000u\000m\000a\000n}{section.8.1}% 61
\BOOKMARK [1][-]{section.8.2}{\376\377\000R\000e\000s\000p\000o\000n\000s\000e}{chapter.8}% 62
\BOOKMARK [1][-]{section.8.3}{\376\377\000e\000x\000a\000m\000p\000l\000e\000\040\000f\000o\000r\000\040\000c\000o\000d\000e\000\040\000B\0009\000\040\000\050\000R\000e\000a\000d\000\040\000D\000a\000t\000a\000\040\000B\000l\000o\000c\000k\000\040\000B\000y\000\040\000O\000f\000f\000s\000e\000t\000\051}{chapter.8}% 63
\BOOKMARK [1][-]{section.8.4}{\376\377\000V\000I\000D\000A\000\040\000d\000i\000a\000g\000n\000o\000s\000t\000i\000c\000\040\000l\000o\000g\000s}{chapter.8}% 64
\BOOKMARK [1][-]{section.8.5}{\376\377\000a\000p\000p\000l\000y\000\040\000t\000h\000i\000s\000\040\000t\000o\000\040\000r\000e\000a\000l\000\040\000l\000i\000f\000e\000\040\000e\000x\000a\000m\000p\000l\000e}{chapter.8}% 65
\BOOKMARK [1][-]{section.8.6}{\376\377\000u\000s\000i\000n\000g\000\040\000t\000h\000e\000\040\000D\000H\000A\000\040\000\050\000d\000i\000a\000g\000n\000o\000s\000t\000i\000c\000\040\000h\000o\000s\000t\000\040\000a\000p\000p\000l\000i\000c\000a\000t\000i\000o\000n\000\051\000\040\000t\000o\000\040\000g\000e\000t\000\040\000a\000\040\000c\000l\000u\000e}{chapter.8}% 66
\BOOKMARK [1][-]{section.8.7}{\376\377\000t\000e\000s\000t\000-\000s\000e\000t\000u\000p}{chapter.8}% 67
\BOOKMARK [0][-]{chapter.9}{\376\377\000H\000a\000c\000k\000i\000n\000g\000\040\000:\000\040\000m\000o\000d\000i\000f\000y\000i\000n\000g\000\040\000s\000t\000a\000n\000d\000a\000r\000d\000\040\000s\000e\000t\000t\000i\000n\000g\000s}{}% 68
\BOOKMARK [1][-]{section.9.1}{\376\377\000C\000h\000e\000c\000k\000s\000\040\000b\000e\000t\000w\000e\000e\000n\000\040\000t\000h\000e\000\040\000E\000C\000M\000,\000\040\000C\000E\000M\000\040\000a\000n\000d\000\040\000B\000C\000M}{chapter.9}% 69
\BOOKMARK [2][-]{subsection.9.1.1}{\376\377\000C\000h\000e\000c\000k\000\040\0001}{section.9.1}% 70
\BOOKMARK [2][-]{subsection.9.1.2}{\376\377\000C\000h\000e\000c\000k\000\040\0002}{section.9.1}% 71
\BOOKMARK [1][-]{section.9.2}{\376\377\000P\000i\000n\000c\000o\000d\000e\000s}{chapter.9}% 72
\BOOKMARK [2][-]{subsection.9.2.1}{\376\377\000s\000o\000m\000e\000\040\000e\000x\000a\000m\000p\000l\000e\000s\000:}{section.9.2}% 73
\BOOKMARK [1][-]{section.9.3}{\376\377\000B\000o\000o\000t\000l\000o\000a\000d\000e\000r\000s}{chapter.9}% 74
\BOOKMARK [1][-]{section.9.4}{\376\377\000T\000h\000e\000\040\000s\000o\000f\000t\000w\000a\000r\000e\000\040\000d\000o\000w\000n\000l\000o\000a\000d\000\040\000p\000r\000o\000c\000e\000s\000s}{chapter.9}% 75
\BOOKMARK [1][-]{section.9.5}{\376\377\000K\000e\000y\000s}{chapter.9}% 76
\BOOKMARK [2][-]{subsection.9.5.1}{\376\377\000K\000e\000y\000\040\000F\000o\000b\000:}{section.9.5}% 77
\BOOKMARK [2][-]{subsection.9.5.2}{\376\377\000I\000g\000n\000i\000t\000i\000o\000n\000\040\000T\000r\000a\000n\000s\000p\000o\000n\000d\000e\000r\000\040\000R\000e\000a\000d\000e\000r\000:}{section.9.5}% 78
\BOOKMARK [0][-]{chapter.10}{\376\377\000D\000B\000C\000\040\000\050\000D\000a\000t\000a\000b\000a\000s\000e\000\040\000C\000o\000n\000t\000a\000i\000n\000e\000r\000\051\000\040\000F\000i\000l\000e\000s\000:\000\040\000T\000h\000e\000\040\000K\000e\000y\000\040\000t\000o\000\040\000D\000e\000c\000o\000d\000i\000n\000g\000\040\000C\000A\000N\000\040\000B\000u\000s\000\040\000M\000e\000s\000s\000a\000g\000e\000s}{}% 79
\BOOKMARK [1][-]{section.10.1}{\376\377\000e\000x\000a\000m\000p\000l\000e\000\040\000:\000\040\000V\000e\000h\000i\000c\000l\000e\000S\000p\000e\000e\000d}{chapter.10}% 80
\BOOKMARK [1][-]{section.10.2}{\376\377\000s\000h\000o\000r\000t\000\040\000i\000n\000t\000r\000o}{chapter.10}% 81
\BOOKMARK [0][-]{chapter.11}{\376\377\000O\000p\000e\000n\000m\000o\000o\000s\000e}{}% 82
\BOOKMARK [1][-]{section.11.1}{\376\377\000m\000o\000d\000d\000i\000n\000g}{chapter.11}% 83
\BOOKMARK [1][-]{section.11.2}{\376\377\000c\000o\000d\000e}{chapter.11}% 84
\BOOKMARK [0][-]{chapter.12}{\376\377\000u\000s\000i\000n\000g\000\040\000c\000a\000n\000d\000u\000m\000p}{}% 85
\BOOKMARK [1][-]{section.12.1}{\376\377\000u\000s\000i\000n\000g\000\040\000D\000I\000C\000E\000\040\000c\000a\000b\000l\000e\000\040\000a\000n\000d\000\040\000m\000o\000d\000d\000i\000n\000g\000\040\000O\000p\000e\000n\000M\000o\000o\000s\000e}{chapter.12}% 86
\BOOKMARK [0][-]{chapter.13}{\376\377\000b\000a\000u\000d\000\040\000\046\000\040\000b\000i\000t}{}% 87
\BOOKMARK [0][-]{chapter.14}{\376\377\000S\000T\000M\000\040\000m\000i\000c\000r\000o\000c\000o\000n\000t\000r\000o\000l\000l\000e\000r\000s\000\040\000u\000s\000e\000d\000\040\000w\000i\000t\000h\000\040\000C\000A\000N}{}% 88
\BOOKMARK [1][-]{section.14.1}{\376\377\000s\000t\000m\0003\0002\000f\0001\0000\0003}{chapter.14}% 89
\BOOKMARK [2][-]{subsection.14.1.1}{\376\377\000B\000l\000u\000e\000p\000i\000l\000l}{section.14.1}% 90
\BOOKMARK [1][-]{section.14.2}{\376\377\000s\000t\000m\0003\0002\000f\0001\0000\0003}{chapter.14}% 91
\BOOKMARK [2][-]{subsection.14.2.1}{\376\377\000b\000o\000a\000r\000d\000\040\000o\000v\000e\000r\000v\000i\000e\000w}{section.14.2}% 92
\BOOKMARK [2][-]{subsection.14.2.2}{\376\377\000p\000i\000n\000h\000e\000a\000d\000e\000r\000\040\000l\000e\000f\000t}{section.14.2}% 93
\BOOKMARK [2][-]{subsection.14.2.3}{\376\377\000p\000i\000n\000h\000e\000a\000d\000e\000r\000\040\000r\000i\000g\000h\000t}{section.14.2}% 94
\BOOKMARK [1][-]{section.14.3}{\376\377\000u\000s\000i\000n\000g\000\040\000a\000\040\000s\000e\000r\000i\000a\000l\000\040\000p\000o\000r\000t}{chapter.14}% 95
\BOOKMARK [2][-]{subsection.14.3.1}{\376\377\000u\000s\000i\000n\000g\000\040\000t\000h\000e\000\040\000G\000P\000I\000O\000\040\000h\000e\000a\000d\000e\000r\000\040\000o\000f\000\040\000a\000n\000\040\000o\000r\000a\000n\000g\000e\000\040\000p\000i}{section.14.3}% 96
\BOOKMARK [0][-]{chapter.15}{\376\377\000W\000h\000a\000t\000\040\000i\000s\000\040\000a\000\040\000S\000o\000c\000k\000e\000t\000C\000A\000N\000\040\000I\000n\000t\000e\000r\000f\000a\000c\000e\000?}{}% 97
\BOOKMARK [1][-]{section.15.1}{\376\377\000C\000o\000n\000f\000i\000g\000u\000r\000i\000n\000g\000\040\000S\000o\000c\000k\000e\000t\000C\000A\000N\000\040\000i\000n\000t\000e\000r\000f\000a\000c\000e\000\040\000:\000\040\000s\000t\000m\0003\0002\000m\000u\000l\000t\000i\000s\000e\000r\000i\000a\000l}{chapter.15}% 98
\BOOKMARK [0][-]{chapter.16}{\376\377\000L\000i\000n\000u\000x\000\040\000a\000t\000\040\000h\000o\000m\000e}{}% 99
\BOOKMARK [1][-]{section.16.1}{\376\377\000U\000s\000i\000n\000g\000\040\000m\000s\000s\000q\000l\000\040\000d\000a\000t\000a\000b\000a\000s\000e\000\040\000o\000n\000\040\000l\000i\000n\000u\000x}{chapter.16}% 100
\BOOKMARK [1][-]{section.16.2}{\376\377\000L\000o\000g\000i\000c\000\040\000A\000n\000a\000l\000y\000z\000e\000r}{chapter.16}% 101
\BOOKMARK [1][-]{section.16.3}{\376\377\000v\000i\000r\000t\000u\000a\000l\000\040\000b\000o\000x\000\040\000o\000n\000\040\000l\000i\000n\000u\000x}{chapter.16}% 102
\BOOKMARK [2][-]{subsection.16.3.1}{\376\377\000t\000h\000e\000\040\000p\000r\000o\000b\000l\000e\000m\000\040\000i\000s\000\040\000U\000S\000B\000\040\0003}{section.16.3}% 103
\BOOKMARK [1][-]{section.16.4}{\376\377\000S\000a\000v\000v\000y\000C\000A\000N}{chapter.16}% 104
\BOOKMARK [2][-]{subsection.16.4.1}{\376\377\000u\000s\000i\000n\000g\000\040\000s\000o\000c\000k\000e\000t\000c\000a\000n}{section.16.4}% 105
\BOOKMARK [2][-]{subsection.16.4.2}{\376\377\000h\000o\000w\000t\000o\000\040\000c\000o\000n\000f\000i\000g\000u\000r\000e\000\040\000s\000a\000v\000v\000y\000c\000a\000n\000\040\000f\000o\000r\000\040\000u\000s\000e\000\040\000w\000i\000t\000h\000\040\000s\000o\000c\000k\000e\000t\000c\000a\000n}{section.16.4}% 106
\BOOKMARK [2][-]{subsection.16.4.3}{\376\377\000p\000l\000a\000y\000b\000a\000c\000k\000\040\000o\000v\000e\000r\000\040\000s\000o\000c\000k\000e\000t\000c\000a\000n}{section.16.4}% 107
\BOOKMARK [0][-]{chapter.17}{\376\377\000I\000n\000d\000i\000c\000e\000s\000\040\000a\000n\000d\000\040\000t\000a\000b\000l\000e\000s}{}% 108
